1622442294070	geckodriver	INFO	Listening on 127.0.0.1:50853
1622442294073	mozrunner::runner	INFO	Running command: "/usr/bin/firefox" "--marionette" "-foreground" "-no-remote" "-profile" "/tmp/rust_mozprofiletDgzT1"
1622442294634	Marionette	INFO	Marionette enabled
console.warn: SearchSettings: "get: No settings file exists, new profile?" (new Error("", "(unknown module)"))
1622442296048	Marionette	INFO	Listening on port 36241
1622442296153	Marionette	WARN	TLS certificate errors will be ignored for this session
console.error: Region.jsm: "Error fetching region" (new Error("TIMEOUT", "resource://gre/modules/Region.jsm", 772))
console.error: Region.jsm: "Failed to fetch region" (new Error("TIMEOUT", "resource://gre/modules/Region.jsm", 419))
1622442304198	Marionette	INFO	Stopped listening on port 36241

###!!! [Parent][RunMessage] Error: Channel closing: too late to send/recv, messages will be lost

1622442324033	geckodriver	INFO	Listening on 127.0.0.1:49871
1622442324037	mozrunner::runner	INFO	Running command: "/usr/bin/firefox" "--marionette" "-foreground" "-no-remote" "-profile" "/tmp/rust_mozprofile5C2RFy"
1622442324590	Marionette	INFO	Marionette enabled
console.warn: SearchSettings: "get: No settings file exists, new profile?" (new Error("", "(unknown module)"))
1622442326094	Marionette	INFO	Listening on port 43767
1622442326156	Marionette	WARN	TLS certificate errors will be ignored for this session
console.error: Region.jsm: "Error fetching region" (new Error("TIMEOUT", "resource://gre/modules/Region.jsm", 772))
console.error: Region.jsm: "Failed to fetch region" (new Error("TIMEOUT", "resource://gre/modules/Region.jsm", 419))
1622442333663	Marionette	INFO	Stopped listening on port 43767

###!!! [Parent][RunMessage] Error: Channel closing: too late to send/recv, messages will be lost

1622442363052	geckodriver	INFO	Listening on 127.0.0.1:55305
1622442363057	mozrunner::runner	INFO	Running command: "/usr/bin/firefox" "--marionette" "-foreground" "-no-remote" "-profile" "/tmp/rust_mozprofileQ86U6m"
1622442363591	Marionette	INFO	Marionette enabled
console.warn: SearchSettings: "get: No settings file exists, new profile?" (new Error("", "(unknown module)"))
1622442364802	Marionette	INFO	Listening on port 45709
1622442364875	Marionette	WARN	TLS certificate errors will be ignored for this session
console.error: Region.jsm: "Error fetching region" (new Error("TIMEOUT", "resource://gre/modules/Region.jsm", 772))
console.error: Region.jsm: "Failed to fetch region" (new Error("TIMEOUT", "resource://gre/modules/Region.jsm", 419))
1622442372705	Marionette	INFO	Stopped listening on port 45709

###!!! [Parent][RunMessage] Error: Channel closing: too late to send/recv, messages will be lost

